# JRE version: OpenJDK Runtime Environment (17.0.9) (build 17.0.9+0--11185874)
# Java VM: OpenJDK 64-Bit Server VM (17.0.9+0--11185874, mixed mode, tiered, compressed oops, compressed class ptrs, g1 gc, windows-amd64)
GC Precious Log:
 CPUs: 12 total, 12 available
 Memory: 7885M
 Large Page Support: Disabled
 NUMA Support: Disabled
 Compressed Oops: Enabled (32-bit)
 Heap Region Size: 1M
 Heap Min Capacity: 8M
 Heap Initial Capacity: 124M
 Heap Max Capacity: 2G
 Pre-touch: Disabled
 Parallel Workers: 10
 Concurrent Workers: 3
 Concurrent Refinement Workers: 10
 Periodic GC: Disabled
Heap:
 garbage-first heap   total 314368K, used 185397K [0x0000000080000000, 0x0000000100000000)
  region size 1024K, 6 young (6144K), 6 survivors (6144K)
 Metaspace       used 150778K, committed 151808K, reserved 1179648K
  class space    used 21227K, committed 21696K, reserved 1048576K
GC Heap History (20 events):
Event: 3552.964 GC heap after
{Heap after GC invocations=44 (full 0):
 garbage-first heap   total 314368K, used 141666K [0x0000000080000000, 0x0000000100000000)
  region size 1024K, 10 young (10240K), 10 survivors (10240K)
 Metaspace       used 144192K, committed 145280K, reserved 1179648K
  class space    used 20457K, committed 20992K, reserved 1048576K
}
Event: 3553.044 GC heap before
{Heap before GC invocations=44 (full 0):
 garbage-first heap   total 314368K, used 142690K [0x0000000080000000, 0x0000000100000000)
  region size 1024K, 12 young (12288K), 10 survivors (10240K)
 Metaspace       used 144235K, committed 145280K, reserved 1179648K
  class space    used 20465K, committed 20992K, reserved 1048576K
}
Event: 3553.134 GC heap after
{Heap after GC invocations=45 (full 0):
 garbage-first heap   total 314368K, used 142414K [0x0000000080000000, 0x0000000100000000)
  region size 1024K, 9 young (9216K), 9 survivors (9216K)
 Metaspace       used 144235K, committed 145280K, reserved 1179648K
  class space    used 20465K, committed 20992K, reserved 1048576K
}
Event: 3557.928 GC heap before
{Heap before GC invocations=46 (full 0):
 garbage-first heap   total 314368K, used 195662K [0x0000000080000000, 0x0000000100000000)
  region size 1024K, 54 young (55296K), 9 survivors (9216K)
 Metaspace       used 146596K, committed 147520K, reserved 1179648K
  class space    used 20669K, committed 21056K, reserved 1048576K
}
Event: 3557.961 GC heap after
{Heap after GC invocations=47 (full 0):
 garbage-first heap   total 314368K, used 151348K [0x0000000080000000, 0x0000000100000000)
  region size 1024K, 7 young (7168K), 7 survivors (7168K)
 Metaspace       used 146596K, committed 147520K, reserved 1179648K
  class space    used 20669K, committed 21056K, reserved 1048576K
}
Event: 3558.271 GC heap before
{Heap before GC invocations=47 (full 0):
 garbage-first heap   total 314368K, used 159540K [0x0000000080000000, 0x0000000100000000)
  region size 1024K, 15 young (15360K), 7 survivors (7168K)
 Metaspace       used 146889K, committed 147776K, reserved 1179648K
  class space    used 20724K, committed 21120K, reserved 1048576K
}
Event: 3558.315 GC heap after
{Heap after GC invocations=48 (full 0):
 garbage-first heap   total 314368K, used 146027K [0x0000000080000000, 0x0000000100000000)
  region size 1024K, 2 young (2048K), 2 survivors (2048K)
 Metaspace       used 146889K, committed 147776K, reserved 1179648K
  class space    used 20724K, committed 21120K, reserved 1048576K
}
Event: 3560.963 GC heap before
{Heap before GC invocations=48 (full 0):
 garbage-first heap   total 314368K, used 192107K [0x0000000080000000, 0x0000000100000000)
  region size 1024K, 48 young (49152K), 2 survivors (2048K)
 Metaspace       used 148145K, committed 149056K, reserved 1179648K
  class space    used 20879K, committed 21312K, reserved 1048576K
}
Event: 3560.969 GC heap after
{Heap after GC invocations=49 (full 0):
 garbage-first heap   total 314368K, used 151330K [0x0000000080000000, 0x0000000100000000)
  region size 1024K, 7 young (7168K), 7 survivors (7168K)
 Metaspace       used 148145K, committed 149056K, reserved 1179648K
  class space    used 20879K, committed 21312K, reserved 1048576K
}
Event: 3562.437 GC heap before
{Heap before GC invocations=50 (full 0):
 garbage-first heap   total 314368K, used 248610K [0x0000000080000000, 0x0000000100000000)
  region size 1024K, 88 young (90112K), 7 survivors (7168K)
 Metaspace       used 150776K, committed 151808K, reserved 1179648K
  class space    used 21227K, committed 21696K, reserved 1048576K
}
Event: 3562.478 GC heap after
{Heap after GC invocations=51 (full 0):
 garbage-first heap   total 314368K, used 184008K [0x0000000080000000, 0x0000000100000000)
  region size 1024K, 11 young (11264K), 11 survivors (11264K)
 Metaspace       used 150776K, committed 151808K, reserved 1179648K
  class space    used 21227K, committed 21696K, reserved 1048576K
}
Event: 3562.491 GC heap before
{Heap before GC invocations=51 (full 0):
 garbage-first heap   total 314368K, used 188104K [0x0000000080000000, 0x0000000100000000)
  region size 1024K, 15 young (15360K), 11 survivors (11264K)
 Metaspace       used 150776K, committed 151808K, reserved 1179648K
  class space    used 21227K, committed 21696K, reserved 1048576K
}
Event: 3562.511 GC heap after
{Heap after GC invocations=52 (full 0):
 garbage-first heap   total 314368K, used 175853K [0x0000000080000000, 0x0000000100000000)
  region size 1024K, 2 young (2048K), 2 survivors (2048K)
 Metaspace       used 150776K, committed 151808K, reserved 1179648K
  class space    used 21227K, committed 21696K, reserved 1048576K
}
Event: 3566.272 GC heap before
{Heap before GC invocations=52 (full 0):
 garbage-first heap   total 314368K, used 241389K [0x0000000080000000, 0x0000000100000000)
  region size 1024K, 67 young (68608K), 2 survivors (2048K)
 Metaspace       used 150778K, committed 151808K, reserved 1179648K
  class space    used 21227K, committed 21696K, reserved 1048576K
}
Event: 3566.297 GC heap after
{Heap after GC invocations=53 (full 0):
 garbage-first heap   total 314368K, used 187693K [0x0000000080000000, 0x0000000100000000)
  region size 1024K, 9 young (9216K), 9 survivors (9216K)
 Metaspace       used 150778K, committed 151808K, reserved 1179648K
  class space    used 21227K, committed 21696K, reserved 1048576K
}
Event: 3568.540 GC heap before
{Heap before GC invocations=54 (full 0):
 garbage-first heap   total 314368K, used 242989K [0x0000000080000000, 0x0000000100000000)
  region size 1024K, 67 young (68608K), 9 survivors (9216K)
 Metaspace       used 150778K, committed 151808K, reserved 1179648K
  class space    used 21227K, committed 21696K, reserved 1048576K
}
Event: 3568.560 GC heap after
{Heap after GC invocations=55 (full 0):
 garbage-first heap   total 314368K, used 186472K [0x0000000080000000, 0x0000000100000000)
  region size 1024K, 5 young (5120K), 5 survivors (5120K)
 Metaspace       used 150778K, committed 151808K, reserved 1179648K
  class space    used 21227K, committed 21696K, reserved 1048576K
}
Event: 3568.884 GC heap before
{Heap before GC invocations=55 (full 0):
 garbage-first heap   total 314368K, used 196712K [0x0000000080000000, 0x0000000100000000)
  region size 1024K, 15 young (15360K), 5 survivors (5120K)
 Metaspace       used 150778K, committed 151808K, reserved 1179648K
  class space    used 21227K, committed 21696K, reserved 1048576K
}
Event: 3568.900 GC heap after
{Heap after GC invocations=56 (full 0):
 garbage-first heap   total 314368K, used 182272K [0x0000000080000000, 0x0000000100000000)
  region size 1024K, 2 young (2048K), 2 survivors (2048K)
 Metaspace       used 150778K, committed 151808K, reserved 1179648K
  class space    used 21227K, committed 21696K, reserved 1048576K
}
Event: 3572.327 GC heap before
{Heap before GC invocations=56 (full 0):
 garbage-first heap   total 314368K, used 249856K [0x0000000080000000, 0x0000000100000000)
  region size 1024K, 68 young (69632K), 2 survivors (2048K)
 Metaspace       used 150778K, committed 151808K, reserved 1179648K
  class space    used 21227K, committed 21696K, reserved 1048576K
}

