# JRE version: OpenJDK Runtime Environment (17.0.9) (build 17.0.9+0--11185874)
# Java VM: OpenJDK 64-Bit Server VM (17.0.9+0--11185874, mixed mode, tiered, compressed oops, compressed class ptrs, g1 gc, windows-amd64)
GC Precious Log:
 CPUs: 12 total, 12 available
 Memory: 7885M
 Large Page Support: Disabled
 NUMA Support: Disabled
 Compressed Oops: Enabled (32-bit)
 Heap Region Size: 1M
 Heap Min Capacity: 8M
 Heap Initial Capacity: 124M
 Heap Max Capacity: 1972M
 Pre-touch: Disabled
 Parallel Workers: 10
 Concurrent Workers: 3
 Concurrent Refinement Workers: 10
 Periodic GC: Disabled
Heap:
 garbage-first heap   total 117760K, used 90393K [0x0000000084c00000, 0x0000000100000000)
  region size 1024K, 41 young (41984K), 1 survivors (1024K)
 Metaspace       used 71778K, committed 72064K, reserved 1114112K
  class space    used 8269K, committed 8384K, reserved 1048576K
GC Heap History (20 events):
Event: 2.570 GC heap before
{Heap before GC invocations=6 (full 0):
 garbage-first heap   total 40960K, used 30897K [0x0000000084c00000, 0x0000000100000000)
  region size 1024K, 16 young (16384K), 3 survivors (3072K)
 Metaspace       used 34073K, committed 34304K, reserved 1114112K
  class space    used 4354K, committed 4480K, reserved 1048576K
}
Event: 2.576 GC heap after
{Heap after GC invocations=7 (full 0):
 garbage-first heap   total 67584K, used 17020K [0x0000000084c00000, 0x0000000100000000)
  region size 1024K, 2 young (2048K), 2 survivors (2048K)
 Metaspace       used 34073K, committed 34304K, reserved 1114112K
  class space    used 4354K, committed 4480K, reserved 1048576K
}
Event: 2.675 GC heap before
{Heap before GC invocations=7 (full 0):
 garbage-first heap   total 67584K, used 25212K [0x0000000084c00000, 0x0000000100000000)
  region size 1024K, 11 young (11264K), 2 survivors (2048K)
 Metaspace       used 35734K, committed 35968K, reserved 1114112K
  class space    used 4537K, committed 4672K, reserved 1048576K
}
Event: 2.679 GC heap after
{Heap after GC invocations=8 (full 0):
 garbage-first heap   total 67584K, used 17858K [0x0000000084c00000, 0x0000000100000000)
  region size 1024K, 3 young (3072K), 3 survivors (3072K)
 Metaspace       used 35734K, committed 35968K, reserved 1114112K
  class space    used 4537K, committed 4672K, reserved 1048576K
}
Event: 3.063 GC heap before
{Heap before GC invocations=9 (full 0):
 garbage-first heap   total 65536K, used 49602K [0x0000000084c00000, 0x0000000100000000)
  region size 1024K, 34 young (34816K), 3 survivors (3072K)
 Metaspace       used 42753K, committed 43008K, reserved 1114112K
  class space    used 5253K, committed 5376K, reserved 1048576K
}
Event: 3.070 GC heap after
{Heap after GC invocations=10 (full 0):
 garbage-first heap   total 65536K, used 20466K [0x0000000084c00000, 0x0000000100000000)
  region size 1024K, 5 young (5120K), 5 survivors (5120K)
 Metaspace       used 42753K, committed 43008K, reserved 1114112K
  class space    used 5253K, committed 5376K, reserved 1048576K
}
Event: 3.410 GC heap before
{Heap before GC invocations=10 (full 0):
 garbage-first heap   total 65536K, used 52210K [0x0000000084c00000, 0x0000000100000000)
  region size 1024K, 33 young (33792K), 5 survivors (5120K)
 Metaspace       used 46580K, committed 46848K, reserved 1114112K
  class space    used 5705K, committed 5824K, reserved 1048576K
}
Event: 3.421 GC heap after
{Heap after GC invocations=11 (full 0):
 garbage-first heap   total 65536K, used 27284K [0x0000000084c00000, 0x0000000100000000)
  region size 1024K, 5 young (5120K), 5 survivors (5120K)
 Metaspace       used 46580K, committed 46848K, reserved 1114112K
  class space    used 5705K, committed 5824K, reserved 1048576K
}
Event: 3.513 GC heap before
{Heap before GC invocations=11 (full 0):
 garbage-first heap   total 65536K, used 48788K [0x0000000084c00000, 0x0000000100000000)
  region size 1024K, 26 young (26624K), 5 survivors (5120K)
 Metaspace       used 47126K, committed 47360K, reserved 1114112K
  class space    used 5766K, committed 5888K, reserved 1048576K
}
Event: 3.519 GC heap after
{Heap after GC invocations=12 (full 0):
 garbage-first heap   total 88064K, used 28519K [0x0000000084c00000, 0x0000000100000000)
  region size 1024K, 2 young (2048K), 2 survivors (2048K)
 Metaspace       used 47126K, committed 47360K, reserved 1114112K
  class space    used 5766K, committed 5888K, reserved 1048576K
}
Event: 4.253 GC heap before
{Heap before GC invocations=12 (full 0):
 garbage-first heap   total 88064K, used 67431K [0x0000000084c00000, 0x0000000100000000)
  region size 1024K, 40 young (40960K), 2 survivors (2048K)
 Metaspace       used 50012K, committed 50176K, reserved 1114112K
  class space    used 5987K, committed 6080K, reserved 1048576K
}
Event: 4.270 GC heap after
{Heap after GC invocations=13 (full 0):
 garbage-first heap   total 88064K, used 34802K [0x0000000084c00000, 0x0000000100000000)
  region size 1024K, 5 young (5120K), 5 survivors (5120K)
 Metaspace       used 50012K, committed 50176K, reserved 1114112K
  class space    used 5987K, committed 6080K, reserved 1048576K
}
Event: 4.593 GC heap before
{Heap before GC invocations=13 (full 0):
 garbage-first heap   total 88064K, used 66546K [0x0000000084c00000, 0x0000000100000000)
  region size 1024K, 36 young (36864K), 5 survivors (5120K)
 Metaspace       used 53085K, committed 53312K, reserved 1114112K
  class space    used 6340K, committed 6400K, reserved 1048576K
}
Event: 4.604 GC heap after
{Heap after GC invocations=14 (full 0):
 garbage-first heap   total 88064K, used 39036K [0x0000000084c00000, 0x0000000100000000)
  region size 1024K, 4 young (4096K), 4 survivors (4096K)
 Metaspace       used 53085K, committed 53312K, reserved 1114112K
  class space    used 6340K, committed 6400K, reserved 1048576K
}
Event: 5.104 GC heap before
{Heap before GC invocations=14 (full 0):
 garbage-first heap   total 88064K, used 67708K [0x0000000084c00000, 0x0000000100000000)
  region size 1024K, 32 young (32768K), 4 survivors (4096K)
 Metaspace       used 56280K, committed 56512K, reserved 1114112K
  class space    used 6670K, committed 6784K, reserved 1048576K
}
Event: 5.113 GC heap after
{Heap after GC invocations=15 (full 0):
 garbage-first heap   total 88064K, used 41855K [0x0000000084c00000, 0x0000000100000000)
  region size 1024K, 3 young (3072K), 3 survivors (3072K)
 Metaspace       used 56280K, committed 56512K, reserved 1114112K
  class space    used 6670K, committed 6784K, reserved 1048576K
}
Event: 5.355 GC heap before
{Heap before GC invocations=15 (full 0):
 garbage-first heap   total 88064K, used 62335K [0x0000000084c00000, 0x0000000100000000)
  region size 1024K, 24 young (24576K), 3 survivors (3072K)
 Metaspace       used 60004K, committed 60288K, reserved 1114112K
  class space    used 7050K, committed 7232K, reserved 1048576K
}
Event: 5.364 GC heap after
{Heap after GC invocations=16 (full 0):
 garbage-first heap   total 117760K, used 44912K [0x0000000084c00000, 0x0000000100000000)
  region size 1024K, 3 young (3072K), 3 survivors (3072K)
 Metaspace       used 60004K, committed 60288K, reserved 1114112K
  class space    used 7050K, committed 7232K, reserved 1048576K
}
Event: 5.985 GC heap before
{Heap before GC invocations=17 (full 0):
 garbage-first heap   total 117760K, used 88944K [0x0000000084c00000, 0x0000000100000000)
  region size 1024K, 46 young (47104K), 3 survivors (3072K)
 Metaspace       used 67031K, committed 67328K, reserved 1114112K
  class space    used 7799K, committed 7936K, reserved 1048576K
}
Event: 5.999 GC heap after
{Heap after GC invocations=18 (full 0):
 garbage-first heap   total 117760K, used 49433K [0x0000000084c00000, 0x0000000100000000)
  region size 1024K, 6 young (6144K), 6 survivors (6144K)
 Metaspace       used 67031K, committed 67328K, reserved 1114112K
  class space    used 7799K, committed 7936K, reserved 1048576K
}

